This file contains any messages produced by compilers while
running configure, to aid debugging if configure makes a mistake.

It was created by BCFtools configure 1.9, which was
generated by GNU Autoconf 2.68.  Invocation command line was

  $ ./configure --prefix=/home/kianians/millerme/nifa-crown-rust/scripts/bcftools-1.9/

## --------- ##
## Platform. ##
## --------- ##

hostname = ln0004
uname -m = x86_64
uname -r = 2.6.32-696.30.1.el6.x86_64
uname -s = Linux
uname -v = #1 SMP Tue May 22 03:28:18 UTC 2018

/usr/bin/uname -p = unknown
/bin/uname -X     = unknown

/bin/arch              = x86_64
/usr/bin/arch -k       = unknown
/usr/convex/getsysinfo = unknown
/usr/bin/hostinfo      = unknown
/bin/machine           = unknown
/usr/bin/oslevel       = unknown
/bin/universe          = unknown

PATH: /panfs/roc/msisoft/gcc/7.2.0/bin
PATH: /home/kianians/millerme/perl5/bin
PATH: /home/kianians/millerme/.linuxbrew/bin
PATH: /usr/local/wrapper
PATH: /usr/local/bin
PATH: /usr/local/sbin
PATH: /usr/lib64/qt-3.3/bin
PATH: /adm/suacct/bin
PATH: /opt/suacct/bin
PATH: /opt/moab/bin
PATH: /usr/local/bin
PATH: /bin
PATH: /usr/bin
PATH: /usr/local/sbin
PATH: /usr/sbin
PATH: /sbin
PATH: /opt/ibutils/bin
PATH: /home/kianians/millerme/scripts/bioawk
PATH: /home/kianians/millerme/scripts/tabix-0.2.6
PATH: /home/kianians/millerme/src/tmux-2.2/
PATH: /home/kianians/shared/organellar_genome_project/pac_bio_project_1/scripts
PATH: /home/kianians/millerme/nifa-crown-rust/scripts
PATH: /home/kianians/millerme/nifa-crown-rust/scripts/kWIP/bin
PATH: /home/kianians/millerme/nifa-crown-rust/scripts/parallel/bin


## ----------- ##
## Core tests. ##
## ----------- ##

configure:1983: checking for gcc
configure:1999: found /panfs/roc/msisoft/gcc/7.2.0/bin/gcc
configure:2010: result: gcc
configure:2239: checking for C compiler version
configure:2248: gcc --version >&5
gcc (GCC) 7.2.0
Copyright (C) 2017 Free Software Foundation, Inc.
This is free software; see the source for copying conditions.  There is NO
warranty; not even for MERCHANTABILITY or FITNESS FOR A PARTICULAR PURPOSE.

configure:2259: $? = 0
configure:2248: gcc -v >&5
Using built-in specs.
COLLECT_GCC=gcc
COLLECT_LTO_WRAPPER=/panfs/roc/msisoft/gcc/7.2.0/libexec/gcc/x86_64-pc-linux-gnu/7.2.0/lto-wrapper
Target: x86_64-pc-linux-gnu
Configured with: ./configure --prefix=/panfs/roc/msisoft/gcc/7.2.0 --with-gmp=/panfs/roc/msisoft/gmp/6.1.2_gcc7.2.0 --with-mpfr=/panfs/roc/msisoft/mpfr/3.1.6_gcc7.2.0 --with-isl=/panfs/roc/msisoft/isl/0.18_gcc7.2.0 --with-mpc=/panfs/roc/msisoft/mpc/1.0.3_gcc7.2.0 --enable-bootstrap --disable-multilib
Thread model: posix
gcc version 7.2.0 (GCC) 
configure:2259: $? = 0
configure:2248: gcc -V >&5
gcc: error: unrecognized command line option '-V'
gcc: fatal error: no input files
compilation terminated.
configure:2259: $? = 1
configure:2248: gcc -qversion >&5
gcc: error: unrecognized command line option '-qversion'; did you mean '--version'?
gcc: fatal error: no input files
compilation terminated.
configure:2259: $? = 1
configure:2279: checking whether the C compiler works
configure:2301: gcc    conftest.c  >&5
configure:2305: $? = 0
configure:2353: result: yes
configure:2356: checking for C compiler default output file name
configure:2358: result: a.out
configure:2364: checking for suffix of executables
configure:2371: gcc -o conftest    conftest.c  >&5
configure:2375: $? = 0
configure:2397: result: 
configure:2419: checking whether we are cross compiling
configure:2427: gcc -o conftest    conftest.c  >&5
configure:2431: $? = 0
configure:2438: ./conftest
configure:2442: $? = 0
configure:2457: result: no
configure:2462: checking for suffix of object files
configure:2484: gcc -c   conftest.c >&5
configure:2488: $? = 0
configure:2509: result: o
configure:2513: checking whether we are using the GNU C compiler
configure:2532: gcc -c   conftest.c >&5
configure:2532: $? = 0
configure:2541: result: yes
configure:2550: checking whether gcc accepts -g
configure:2570: gcc -c -g  conftest.c >&5
configure:2570: $? = 0
configure:2611: result: yes
configure:2628: checking for gcc option to accept ISO C89
configure:2692: gcc  -c -g -O2  conftest.c >&5
configure:2692: $? = 0
configure:2705: result: none needed
configure:2726: checking for grep that handles long lines and -e
configure:2784: result: /bin/grep
configure:2809: checking for C compiler warning flags
configure:2922: result: -Wall
configure:3015: checking for special C compiler options needed for large files
configure:3060: result: no
configure:3066: checking for _FILE_OFFSET_BITS value needed for large files
configure:3091: gcc -c  -Wall -g -O2  conftest.c >&5
configure:3091: $? = 0
configure:3123: result: no
configure:3323: checking location of HTSlib source tree
configure:3344: result: htslib-1.9
configure:3529: checking shared library type
configure:3548: result: plain .so
configure:3561: checking for library containing dlopen
configure:3592: gcc -o conftest  -Wall -g -O2   conftest.c  >&5
/tmp/ccWNqxNF.o: In function `main':
/home/kianians/millerme/nifa-crown-rust/scripts/bcftools-1.9/conftest.c:22: undefined reference to `dlopen'
collect2: error: ld returned 1 exit status
configure:3592: $? = 1
configure: failed program was:
| /* confdefs.h */
| #define PACKAGE_NAME "BCFtools"
| #define PACKAGE_TARNAME "bcftools"
| #define PACKAGE_VERSION "1.9"
| #define PACKAGE_STRING "BCFtools 1.9"
| #define PACKAGE_BUGREPORT "samtools-help@lists.sourceforge.net"
| #define PACKAGE_URL "http://www.htslib.org/"
| #define PLUGIN_EXT ".so"
| #define ENABLE_BCF_PLUGINS 1
| /* end confdefs.h.  */
| 
| /* Override any GCC internal prototype to avoid an error.
|    Use char because int might match the return type of a GCC
|    builtin and then its argument prototype would still apply.  */
| #ifdef __cplusplus
| extern "C"
| #endif
| char dlopen ();
| int
| main ()
| {
| return dlopen ();
|   ;
|   return 0;
| }
configure:3592: gcc -o conftest  -Wall -g -O2   conftest.c -ldl   >&5
configure:3592: $? = 0
configure:3609: result: -ldl
configure:3624: checking if the compiler accepts -rdynamic
configure:3639: gcc -o conftest  -Wall -g -O2 -rdynamic   conftest.c -ldl  >&5
configure:3639: $? = 0
configure:3647: result: yes
configure:3660: checking for zlib.h
configure:3660: gcc -c  -Wall -g -O2  conftest.c >&5
configure:3660: $? = 0
configure:3660: result: yes
configure:3669: checking for inflate in -lz
configure:3694: gcc -o conftest  -Wall -g -O2   conftest.c -lz  -ldl  >&5
configure:3694: $? = 0
configure:3703: result: yes
configure:4051: creating ./config.status

## ---------------------- ##
## Running config.status. ##
## ---------------------- ##

This file was extended by BCFtools config.status 1.9, which was
generated by GNU Autoconf 2.68.  Invocation command line was

  CONFIG_FILES    = 
  CONFIG_HEADERS  = 
  CONFIG_LINKS    = 
  CONFIG_COMMANDS = 
  $ ./config.status 

on ln0004

config.status:818: creating config.mk
config.status:818: creating config.h
config.status:988: config.h is unchanged
configure:5288: === configuring in htslib-1.9 (/home/kianians/millerme/nifa-crown-rust/scripts/bcftools-1.9/htslib-1.9)
configure:5351: running /bin/sh ./configure --disable-option-checking '--prefix=/home/kianians/millerme/nifa-crown-rust/scripts/bcftools-1.9'  --cache-file=/dev/null --srcdir=.

## ---------------- ##
## Cache variables. ##
## ---------------- ##

ac_cv_c_compiler_gnu=yes
ac_cv_env_CC_set=
ac_cv_env_CC_value=
ac_cv_env_CFLAGS_set=
ac_cv_env_CFLAGS_value=
ac_cv_env_CPPFLAGS_set=
ac_cv_env_CPPFLAGS_value=
ac_cv_env_LDFLAGS_set=
ac_cv_env_LDFLAGS_value=
ac_cv_env_LIBS_set=
ac_cv_env_LIBS_value=
ac_cv_env_build_alias_set=
ac_cv_env_build_alias_value=
ac_cv_env_host_alias_set=
ac_cv_env_host_alias_value=
ac_cv_env_target_alias_set=
ac_cv_env_target_alias_value=
ac_cv_header_zlib_h=yes
ac_cv_lib_z_inflate=yes
ac_cv_objext=o
ac_cv_path_GREP=/bin/grep
ac_cv_prog_ac_ct_CC=gcc
ac_cv_prog_cc_c89=
ac_cv_prog_cc_g=yes
ac_cv_search_dlopen=-ldl
ac_cv_sys_file_offset_bits=no
ac_cv_sys_largefile_CC=no
ax_cv_htslib=yes
ax_cv_htslib_which=source
hts_cv_prog_cc_warnings=-Wall

## ----------------- ##
## Output variables. ##
## ----------------- ##

CC='gcc'
CC_RDYNAMIC_OPT='-rdynamic'
CFLAGS=' -Wall -g -O2'
CPPFLAGS=''
DEFS='-DHAVE_CONFIG_H'
ECHO_C=''
ECHO_N='-n'
ECHO_T=''
EXEEXT=''
GREP='/bin/grep'
GSL_LIBS=''
HTSDIR='htslib-1.9'
HTSLIB_CPPFLAGS='-Ihtslib-1.9'
HTSLIB_LDFLAGS='-Lhtslib-1.9'
Hinstall='#'
Hsource=''
LDFLAGS=''
LIBOBJS=''
LIBS='-ldl '
LTLIBOBJS=''
OBJEXT='o'
PACKAGE_BUGREPORT='samtools-help@lists.sourceforge.net'
PACKAGE_NAME='BCFtools'
PACKAGE_STRING='BCFtools 1.9'
PACKAGE_TARNAME='bcftools'
PACKAGE_URL='http://www.htslib.org/'
PACKAGE_VERSION='1.9'
PATH_SEPARATOR=':'
PERL_CCOPTS=''
PERL_LIBS=''
PLATFORM='default'
PLUGINPATH='$(libexecdir)/bcftools'
PLUGIN_EXT='.so'
SHELL='/bin/sh'
USE_GPL=''
ac_ct_CC='gcc'
bcf_plugindir='$(libexecdir)/bcftools'
bindir='${exec_prefix}/bin'
build_alias=''
datadir='${datarootdir}'
datarootdir='${prefix}/share'
docdir='${datarootdir}/doc/${PACKAGE_TARNAME}'
dvidir='${docdir}'
enable_bcftools_plugins='yes'
enable_perl_filters='no'
exec_prefix='${prefix}'
host_alias='unknown-Linux'
htmldir='${docdir}'
includedir='${prefix}/include'
infodir='${datarootdir}/info'
libdir='${exec_prefix}/lib'
libexecdir='${exec_prefix}/libexec'
localedir='${datarootdir}/locale'
localstatedir='${prefix}/var'
mandir='${datarootdir}/man'
oldincludedir='/usr/include'
pdfdir='${docdir}'
prefix='/home/kianians/millerme/nifa-crown-rust/scripts/bcftools-1.9'
program_transform_name='s,x,x,'
psdir='${docdir}'
sbindir='${exec_prefix}/sbin'
sharedstatedir='${prefix}/com'
subdirs=' htslib-1.9'
sysconfdir='${prefix}/etc'
target_alias=''

## ----------- ##
## confdefs.h. ##
## ----------- ##

/* confdefs.h */
#define PACKAGE_NAME "BCFtools"
#define PACKAGE_TARNAME "bcftools"
#define PACKAGE_VERSION "1.9"
#define PACKAGE_STRING "BCFtools 1.9"
#define PACKAGE_BUGREPORT "samtools-help@lists.sourceforge.net"
#define PACKAGE_URL "http://www.htslib.org/"
#define PLUGIN_EXT ".so"
#define ENABLE_BCF_PLUGINS 1
#define HAVE_LIBZ 1

configure: exit 0
